This is pdfTeX, Version 3.14159265-2.6-1.40.16 (TeX Live 2015/Debian) (preloaded format=latex 2018.1.10)  10 JAN 2018 18:08
entering extended mode
 restricted \write18 enabled.
 %&-line parsing enabled.
**./images.tex
(./images.tex
LaTeX2e <2016/02/01>
Babel <3.9q> and hyphenation patterns for 3 language(s) loaded.

(/usr/share/texlive/texmf-dist/tex/latex/base/book.cls
Document Class: book 2014/09/29 v1.4h Standard LaTeX document class
(/usr/share/texlive/texmf-dist/tex/latex/base/bk10.clo
File: bk10.clo 2014/09/29 v1.4h Standard LaTeX file (size option)
)
\c@part=\count79
\c@chapter=\count80
\c@section=\count81
\c@subsection=\count82
\c@subsubsection=\count83
\c@paragraph=\count84
\c@subparagraph=\count85
\c@figure=\count86
\c@table=\count87
\abovecaptionskip=\skip41
\belowcaptionskip=\skip42
\bibindent=\dimen102
) (/usr/share/texlive/texmf-dist/tex/latex/base/ifthen.sty
Package: ifthen 2014/09/29 v1.1c Standard LaTeX ifthen package (DPC)
) (/usr/share/texlive/texmf-dist/tex/latex/graphics/epsfig.sty
Package: epsfig 1999/02/16 v1.7a (e)psfig emulation (SPQR)
(/usr/share/texlive/texmf-dist/tex/latex/graphics/graphicx.sty
Package: graphicx 2014/10/28 v1.0g Enhanced LaTeX Graphics (DPC,SPQR)
(/usr/share/texlive/texmf-dist/tex/latex/graphics/keyval.sty
Package: keyval 2014/10/28 v1.15 key=value parser (DPC)
\KV@toks@=\toks14
) (/usr/share/texlive/texmf-dist/tex/latex/graphics/graphics.sty
Package: graphics 2016/01/03 v1.0q Standard LaTeX Graphics (DPC,SPQR)
(/usr/share/texlive/texmf-dist/tex/latex/graphics/trig.sty
Package: trig 2016/01/03 v1.10 sin cos tan (DPC)
) (/usr/share/texlive/texmf-dist/tex/latex/latexconfig/graphics.cfg
File: graphics.cfg 2010/04/23 v1.9 graphics configuration of TeX Live
)
Package graphics Info: Driver file: dvips.def on input line 95.
(/usr/share/texlive/texmf-dist/tex/latex/graphics/dvips.def
File: dvips.def 2015/12/30 v3.0k Driver-dependent file (DPC,SPQR)
))
\Gin@req@height=\dimen103
\Gin@req@width=\dimen104
)
\epsfxsize=\dimen105
\epsfysize=\dimen106
) (/usr/share/texlive/texmf-dist/tex/latex/preprint/fullpage.sty
Package: fullpage 1999/02/23 1.1 (PWD)
\FP@margin=\skip43
) (/usr/share/texlive/texmf-dist/tex/latex/amsmath/amsmath.sty
Package: amsmath 2016/03/03 v2.15a AMS math features
\@mathmargin=\skip44
For additional information on amsmath, use the `?' option.
(/usr/share/texlive/texmf-dist/tex/latex/amsmath/amstext.sty
Package: amstext 2000/06/29 v2.01 AMS text
(/usr/share/texlive/texmf-dist/tex/latex/amsmath/amsgen.sty
File: amsgen.sty 1999/11/30 v2.0 generic functions
\@emptytoks=\toks15
\ex@=\dimen107
)) (/usr/share/texlive/texmf-dist/tex/latex/amsmath/amsbsy.sty
Package: amsbsy 1999/11/29 v1.2d Bold Symbols
\pmbraise@=\dimen108
) (/usr/share/texlive/texmf-dist/tex/latex/amsmath/amsopn.sty
Package: amsopn 1999/12/14 v2.01 operator names
)
\inf@bad=\count88
LaTeX Info: Redefining \frac on input line 199.
\uproot@=\count89
\leftroot@=\count90
LaTeX Info: Redefining \overline on input line 297.
\classnum@=\count91
\DOTSCASE@=\count92
LaTeX Info: Redefining \ldots on input line 394.
LaTeX Info: Redefining \dots on input line 397.
LaTeX Info: Redefining \cdots on input line 518.
\Mathstrutbox@=\box26
\strutbox@=\box27
\big@size=\dimen109
LaTeX Font Info:    Redeclaring font encoding OML on input line 630.
LaTeX Font Info:    Redeclaring font encoding OMS on input line 631.
\macc@depth=\count93
\c@MaxMatrixCols=\count94
\dotsspace@=\muskip10
\c@parentequation=\count95
\dspbrk@lvl=\count96
\tag@help=\toks16
\row@=\count97
\column@=\count98
\maxfields@=\count99
\andhelp@=\toks17
\eqnshift@=\dimen110
\alignsep@=\dimen111
\tagshift@=\dimen112
\tagwidth@=\dimen113
\totwidth@=\dimen114
\lineht@=\dimen115
\@envbody=\toks18
\multlinegap=\skip45
\multlinetaggap=\skip46
\mathdisplay@stack=\toks19
LaTeX Info: Redefining \[ on input line 2735.
LaTeX Info: Redefining \] on input line 2736.
) (/usr/share/texlive/texmf-dist/tex/latex/amsfonts/amsfonts.sty
Package: amsfonts 2013/01/14 v3.01 Basic AMSFonts support
\symAMSa=\mathgroup4
\symAMSb=\mathgroup5
LaTeX Font Info:    Overwriting math alphabet `\mathfrak' in version `bold'
(Font)                  U/euf/m/n --> U/euf/b/n on input line 106.
) (/usr/share/texlive/texmf-dist/tex/latex/hyperref/hyperref.sty
Package: hyperref 2012/11/06 v6.83m Hypertext links for LaTeX
(/usr/share/texlive/texmf-dist/tex/generic/oberdiek/hobsub-hyperref.sty
Package: hobsub-hyperref 2012/05/28 v1.13 Bundle oberdiek, subset hyperref (HO)

(/usr/share/texlive/texmf-dist/tex/generic/oberdiek/hobsub-generic.sty
Package: hobsub-generic 2012/05/28 v1.13 Bundle oberdiek, subset generic (HO)
Package: hobsub 2012/05/28 v1.13 Construct package bundles (HO)
Package: infwarerr 2010/04/08 v1.3 Providing info/warning/error messages (HO)
Package: ltxcmds 2011/11/09 v1.22 LaTeX kernel commands for general use (HO)
Package: ifluatex 2010/03/01 v1.3 Provides the ifluatex switch (HO)
Package ifluatex Info: LuaTeX not detected.
Package: ifvtex 2010/03/01 v1.5 Detect VTeX and its facilities (HO)
Package ifvtex Info: VTeX not detected.
Package: intcalc 2007/09/27 v1.1 Expandable calculations with integers (HO)
Package: ifpdf 2011/01/30 v2.3 Provides the ifpdf switch (HO)
Package ifpdf Info: pdfTeX in PDF mode is not detected.
Package: etexcmds 2011/02/16 v1.5 Avoid name clashes with e-TeX commands (HO)
Package etexcmds Info: Could not find \expanded.
(etexcmds)             That can mean that you are not using pdfTeX 1.50 or
(etexcmds)             that some package has redefined \expanded.
(etexcmds)             In the latter case, load this package earlier.
Package: kvsetkeys 2012/04/25 v1.16 Key value parser (HO)
Package: kvdefinekeys 2011/04/07 v1.3 Define keys (HO)
Package: pdftexcmds 2011/11/29 v0.20 Utility functions of pdfTeX for LuaTeX (HO
)
Package pdftexcmds Info: LuaTeX not detected.
Package pdftexcmds Info: \pdf@primitive is available.
Package pdftexcmds Info: \pdf@ifprimitive is available.
Package pdftexcmds Info: \pdfdraftmode is ignored in DVI mode.
Package: pdfescape 2011/11/25 v1.13 Implements pdfTeX's escape features (HO)
Package: bigintcalc 2012/04/08 v1.3 Expandable calculations on big integers (HO
)
Package: bitset 2011/01/30 v1.1 Handle bit-vector datatype (HO)
Package: uniquecounter 2011/01/30 v1.2 Provide unlimited unique counter (HO)
)
Package hobsub Info: Skipping package `hobsub' (already loaded).
Package: letltxmacro 2010/09/02 v1.4 Let assignment for LaTeX macros (HO)
Package: hopatch 2012/05/28 v1.2 Wrapper for package hooks (HO)
Package: xcolor-patch 2011/01/30 xcolor patch
Package: atveryend 2011/06/30 v1.8 Hooks at the very end of document (HO)
Package atveryend Info: \enddocument detected (standard20110627).
Package: atbegshi 2011/10/05 v1.16 At begin shipout hook (HO)
Package: refcount 2011/10/16 v3.4 Data extraction from label references (HO)
Package: hycolor 2011/01/30 v1.7 Color options for hyperref/bookmark (HO)
) (/usr/share/texlive/texmf-dist/tex/generic/ifxetex/ifxetex.sty
Package: ifxetex 2010/09/12 v0.6 Provides ifxetex conditional
) (/usr/share/texlive/texmf-dist/tex/latex/oberdiek/auxhook.sty
Package: auxhook 2011/03/04 v1.3 Hooks for auxiliary files (HO)
) (/usr/share/texlive/texmf-dist/tex/latex/oberdiek/kvoptions.sty
Package: kvoptions 2011/06/30 v3.11 Key value format for package options (HO)
)
\@linkdim=\dimen116
\Hy@linkcounter=\count100
\Hy@pagecounter=\count101
(/usr/share/texlive/texmf-dist/tex/latex/hyperref/pd1enc.def
File: pd1enc.def 2012/11/06 v6.83m Hyperref: PDFDocEncoding definition (HO)
)
\Hy@SavedSpaceFactor=\count102
(/usr/share/texlive/texmf-dist/tex/latex/latexconfig/hyperref.cfg
File: hyperref.cfg 2002/06/06 v1.2 hyperref configuration of TeXLive
)
Package hyperref Info: Hyper figures OFF on input line 4443.
Package hyperref Info: Link nesting OFF on input line 4448.
Package hyperref Info: Hyper index ON on input line 4451.
Package hyperref Info: Plain pages OFF on input line 4458.
Package hyperref Info: Backreferencing OFF on input line 4463.
Package hyperref Info: Implicit mode ON; LaTeX internals redefined.
Package hyperref Info: Bookmarks ON on input line 4688.
\c@Hy@tempcnt=\count103
(/usr/share/texlive/texmf-dist/tex/latex/url/url.sty
\Urlmuskip=\muskip11
Package: url 2013/09/16  ver 3.4  Verb mode for urls, etc.
)
LaTeX Info: Redefining \url on input line 5041.
\XeTeXLinkMargin=\dimen117
\Fld@menulength=\count104
\Field@Width=\dimen118
\Fld@charsize=\dimen119
Package hyperref Info: Hyper figures OFF on input line 6295.
Package hyperref Info: Link nesting OFF on input line 6300.
Package hyperref Info: Hyper index ON on input line 6303.
Package hyperref Info: backreferencing OFF on input line 6310.
Package hyperref Info: Link coloring OFF on input line 6315.
Package hyperref Info: Link coloring with OCG OFF on input line 6320.
Package hyperref Info: PDF/A mode OFF on input line 6325.
LaTeX Info: Redefining \ref on input line 6365.
LaTeX Info: Redefining \pageref on input line 6369.
\Hy@abspage=\count105
\c@Item=\count106
\c@Hfootnote=\count107
)

Package hyperref Message: Driver (default): hdvips.

(/usr/share/texlive/texmf-dist/tex/latex/hyperref/hdvips.def
File: hdvips.def 2012/11/06 v6.83m Hyperref driver for dvips
(/usr/share/texlive/texmf-dist/tex/latex/hyperref/pdfmark.def
File: pdfmark.def 2012/11/06 v6.83m Hyperref definitions for pdfmark specials
\pdf@docset=\toks20
\pdf@box=\box28
\pdf@toks=\toks21
\pdf@defaulttoks=\toks22
\HyField@AnnotCount=\count108
\Fld@listcount=\count109
\c@bookmark@seq@number=\count110
(/usr/share/texlive/texmf-dist/tex/latex/oberdiek/rerunfilecheck.sty
Package: rerunfilecheck 2011/04/15 v1.7 Rerun checks for auxiliary files (HO)
Package uniquecounter Info: New unique counter `rerunfilecheck' on input line 2
82.
)
\Hy@SectionHShift=\skip47
)) (/usr/share/texlive/texmf-dist/tex/latex/algorithms/algorithm.sty
Package: algorithm 2009/08/24 v0.1 Document Style `algorithm' - floating enviro
nment
(/usr/share/texlive/texmf-dist/tex/latex/float/float.sty
Package: float 2001/11/08 v1.3d Float enhancements (AL)
\c@float@type=\count111
\float@exts=\toks23
\float@box=\box29
\@float@everytoks=\toks24
\@floatcapt=\box30
)
\@float@every@algorithm=\toks25
\c@algorithm=\count112
) (/usr/share/texlive/texmf-dist/tex/latex/algorithms/algorithmic.sty
Package: algorithmic 2009/08/24 v0.1 Document Style `algorithmic'
\c@ALC@unique=\count113
\c@ALC@line=\count114
\c@ALC@rem=\count115
\c@ALC@depth=\count116
\ALC@tlm=\skip48
\algorithmicindent=\skip49
) (/usr/share/texlive/texmf-dist/tex/latex/graphics/color.sty
Package: color 2016/01/03 v1.1b Standard LaTeX Color (DPC)
(/usr/share/texlive/texmf-dist/tex/latex/latexconfig/color.cfg
File: color.cfg 2007/01/18 v1.5 color configuration of teTeX/TeXLive
)
Package color Info: Driver file: dvips.def on input line 143.
(/usr/share/texlive/texmf-dist/tex/latex/graphics/dvipsnam.def
File: dvipsnam.def 2015/12/30 v3.0k Driver-dependent file (DPC,SPQR)
)) (/usr/share/texlive/texmf-dist/tex/latex/base/inputenc.sty
Package: inputenc 2015/03/17 v1.2c Input encoding file
\inpenc@prehook=\toks26
\inpenc@posthook=\toks27
)
\sizebox=\box31
\lthtmlwrite=\write3
(./images.aux (/home/jim/Code/adevs-code/docs/tex-files/about.aux) (/home/jim/C
ode/adevs-code/docs/tex-files/install.aux) (/home/jim/Code/adevs-code/docs/tex-
files/intro.aux) (/home/jim/Code/adevs-code/docs/tex-files/atomic_models.aux) (
/home/jim/Code/adevs-code/docs/tex-files/network_models.aux) (/home/jim/Code/ad
evs-code/docs/tex-files/mealy.aux) (/home/jim/Code/adevs-code/docs/tex-files/va
r_struct_models.aux) (/home/jim/Code/adevs-code/docs/tex-files/cont_models.aux)
(/home/jim/Code/adevs-code/docs/tex-files/simulator.aux) (/home/jim/Code/adevs-
code/docs/tex-files/parsim.aux) (/home/jim/Code/adevs-code/docs/tex-files/io.au
x) (/home/jim/Code/adevs-code/docs/tex-files/time.aux) (/home/jim/Code/adevs-co
de/docs/tex-files/random_numbers.aux) (/home/jim/Code/adevs-code/docs/tex-files
/interpolation.aux))
\openout1 = `images.aux'.

LaTeX Font Info:    Checking defaults for OML/cmm/m/it on input line 140.
LaTeX Font Info:    ... okay on input line 140.
LaTeX Font Info:    Checking defaults for T1/cmr/m/n on input line 140.
LaTeX Font Info:    ... okay on input line 140.
LaTeX Font Info:    Checking defaults for OT1/cmr/m/n on input line 140.
LaTeX Font Info:    ... okay on input line 140.
LaTeX Font Info:    Checking defaults for OMS/cmsy/m/n on input line 140.
LaTeX Font Info:    ... okay on input line 140.
LaTeX Font Info:    Checking defaults for OMX/cmex/m/n on input line 140.
LaTeX Font Info:    ... okay on input line 140.
LaTeX Font Info:    Checking defaults for U/cmr/m/n on input line 140.
LaTeX Font Info:    ... okay on input line 140.
LaTeX Font Info:    Checking defaults for PD1/pdf/m/n on input line 140.
LaTeX Font Info:    ... okay on input line 140.
\AtBeginShipoutBox=\box32
Package hyperref Info: Link coloring OFF on input line 140.
(/usr/share/texlive/texmf-dist/tex/latex/hyperref/nameref.sty
Package: nameref 2012/10/27 v2.43 Cross-referencing by name of section
(/usr/share/texlive/texmf-dist/tex/generic/oberdiek/gettitlestring.sty
Package: gettitlestring 2010/12/03 v1.4 Cleanup title references (HO)
)
\c@section@level=\count117
)
LaTeX Info: Redefining \ref on input line 140.
LaTeX Info: Redefining \pageref on input line 140.
LaTeX Info: Redefining \nameref on input line 140.
\@outlinefile=\write4
\openout4 = `images.out'.


latex2htmlLength hsize=349.0pt

latex2htmlLength vsize=650.43001pt

latex2htmlLength hoffset=0.0pt

latex2htmlLength voffset=0.0pt

latex2htmlLength topmargin=0.0pt

latex2htmlLength topskip=0.00003pt

latex2htmlLength headheight=0.0pt

latex2htmlLength headsep=0.0pt

latex2htmlLength parskip=0.0pt plus 1.0pt

latex2htmlLength oddsidemargin=0.0pt

latex2htmlLength evensidemargin=0.0pt

LaTeX Font Info:    Try loading font information for U+msa on input line 164.
(/usr/share/texlive/texmf-dist/tex/latex/amsfonts/umsa.fd
File: umsa.fd 2013/01/14 v3.01 AMS symbols A
)
LaTeX Font Info:    Try loading font information for U+msb on input line 164.
(/usr/share/texlive/texmf-dist/tex/latex/amsfonts/umsb.fd
File: umsb.fd 2013/01/14 v3.01 AMS symbols B
)
l2hSize :tex2html_wrap_inline3959:6.83331pt::0.0pt::8.00005pt.
[1



]
l2hSize :tex2html_wrap_inline5364:8.0pt::8.0pt::24.16675pt.
[2


]
l2hSize :tex2html_wrap_inline5366:8.0pt::8.0pt::26.5591pt.
[3


]
File: intro_figs/busy_mart.eps Graphic file (type eps)
<intro_figs/busy_mart.eps>
l2hSize :figure136:101.37874pt::0.0pt::349.0pt.
[4


]
File: intro_figs/generator_and_clerk.eps Graphic file (type eps)
<intro_figs/generator_and_clerk.eps>
l2hSize :figure231:29.10875pt::0.0pt::349.0pt.
[5


]
File: intro_figs/generator_and_clerk_and_observer.eps Graphic file (type eps)
<intro_figs/generator_and_clerk_and_observer.eps>
l2hSize :figure281:29.10875pt::0.0pt::349.0pt.
[6


]
File: atomic_models_figs/clerk2.eps Graphic file (type eps)
<atomic_models_figs/clerk2.eps>
l2hSize :figure566:446.97144pt::0.0pt::349.0pt.
[7


]
File: network_models_figs/connected_atomic_models.eps Graphic file (type eps)
<network_models_figs/connected_atomic_models.eps>
l2hSize :figure665:92.34499pt::0.0pt::349.0pt.
[8


]
l2hSize :tex2html_wrap_inline5504:6.83331pt::0.0pt::8.58684pt.
[9


]
File: network_models_figs/eic_atomic_atomic_coupling.eps Graphic file (type eps
)
<network_models_figs/eic_atomic_atomic_coupling.eps>
l2hSize :figure696:92.34499pt::0.0pt::349.0pt.
[10


]
File: network_models_figs/big_coupled.eps Graphic file (type eps)
<network_models_figs/big_coupled.eps>
l2hSize :figure716:92.34499pt::0.0pt::349.0pt.
[11


]
File: network_models_figs/bad_couplings.eps Graphic file (type eps)
<network_models_figs/bad_couplings.eps>
l2hSize :figure741:110.41249pt::0.0pt::349.0pt.
[12


]
Package hyperref Info: bookmark level for unknown algorithm defaults to 0 on in
put line 305.
l2hSize :algorithm751:339.43329pt::0.0pt::349.0pt.
[13


]
l2hSize :tex2html_wrap_inline5553:6.45831pt::0.0pt::10.50005pt.
[14


]
File: network_models_figs/two_component_model.eps Graphic file (type eps)
<network_models_figs/two_component_model.eps>
l2hSize :figure839:65.24374pt::0.0pt::349.0pt.
[15


]
File: network_models_figs/multi_clerk_diagram.eps Graphic file (type eps)
<network_models_figs/multi_clerk_diagram.eps>
l2hSize :figure887:112.42pt::0.0pt::349.0pt.
[16


]
File: network_models_figs/block_pattern.eps Graphic file (type eps)
<network_models_figs/block_pattern.eps>
l2hSize :figure958:87.32625pt::0.0pt::349.0pt.
[17


]
File: network_models_figs/blinker.eps Graphic file (type eps)
<network_models_figs/blinker.eps>
l2hSize :figure963:128.48pt::0.0pt::349.0pt.
[18


]
l2hSize :tex2html_wrap_inline5591:6.83331pt::0.0pt::8.36252pt.
[19


]
l2hSize :tex2html_wrap_inline5593:8.0pt::8.0pt::154.17503pt.
[20


]
l2hSize :tex2html_wrap_inline5595:8.0pt::8.0pt::131.5579pt.
[21


]
File: var_struct_models_figs/var_struct_model_sets.eps Graphic file (type eps)
<var_struct_models_figs/var_struct_model_sets.eps>
l2hSize :figure1533:165.61874pt::0.0pt::349.0pt.
[22


]
File: var_struct_models_figs/factory_block_diagram.eps Graphic file (type eps)
<var_struct_models_figs/factory_block_diagram.eps>
l2hSize :figure1557:164.61499pt::0.0pt::349.0pt.
[23


]
File: var_struct_models_figs/machine_plot.eps Graphic file (type eps)
<var_struct_models_figs/machine_plot.eps>
l2hSize :figure1667:176.65999pt::0.0pt::349.0pt.
[24


]
l2hSize :tex2html_wrap_indisplay5636:7.17859pt::7.17859pt::39.59488pt.
[25


]
l2hSize :tex2html_wrap_indisplay5637:9.81749pt::9.81749pt::24.80084pt.
[26


]
l2hSize :tex2html_wrap_inline5639:6.45831pt::0.0pt::13.27785pt.
[27


]
l2hSize :tex2html_wrap_inline5641:6.45831pt::0.0pt::5.70604pt.
[28


]
l2hSize :tex2html_wrap_inline5643:6.94444pt::0.0pt::6.26161pt.
[29


]
l2hSize :tex2html_wrap_indisplay5645:9.02383pt::9.02383pt::22.44438pt.
[30


]
l2hSize :tex2html_wrap_inline5647:6.95831pt::6.95831pt::24.43053pt.
[31


]
l2hSize :tex2html_wrap_inline5649:6.45831pt::0.0pt::4.11115pt.
[32


]
l2hSize :tex2html_wrap_inline5651:6.95831pt::6.95831pt::26.93051pt.
[33


]
l2hSize :tex2html_wrap_indisplay5653:7.44444pt::7.44444pt::123.54584pt.
[34


]
l2hSize :tex2html_wrap_inline5655:6.45831pt::0.0pt::22.16664pt.
[35


]
l2hSize :tex2html_wrap_inline5657:6.45831pt::0.0pt::10.50005pt.
[36


]
l2hSize :tex2html_wrap_inline5665:9.31749pt::0.0pt::6.26161pt.
[37


]
l2hSize :tex2html_wrap_inline5667:6.67859pt::0.0pt::5.70604pt.
[38


]
l2hSize :tex2html_wrap_inline5669:8.52383pt::0.0pt::4.11115pt.
[39


]
l2hSize :tex2html_wrap_inline5673:7.17859pt::7.17859pt::5.32294pt.
[40


]
l2hSize :tex2html_wrap_inline5677:6.94444pt::0.0pt::24.68513pt.
[41


]
l2hSize :tex2html_wrap_inline5679:6.95831pt::6.95831pt::24.03928pt.
[42


]
l2hSize :tex2html_wrap_inline5681:6.45831pt::0.0pt::23.92357pt.
[43


]
l2hSize :tex2html_wrap_inline5683:6.95831pt::6.95831pt::31.81708pt.
[44


]
l2hSize :tex2html_wrap_inline5691:6.45831pt::0.0pt::22.44438pt.
[45


]
l2hSize :tex2html_wrap_inline5693:6.45831pt::0.0pt::22.44438pt.
[46


]
l2hSize :tex2html_wrap_inline5695:6.45831pt::0.0pt::35.2222pt.
[47


]
l2hSize :tex2html_wrap_inline5697:6.45831pt::0.0pt::30.22218pt.
[48


]
File: cont_models_figs/ball_height.eps Graphic file (type eps)
<cont_models_figs/ball_height.eps>
l2hSize :figure2069:176.65999pt::0.0pt::349.0pt.
[49


]
l2hSize :tex2html_wrap_inline5704:6.95831pt::6.95831pt::8.27783pt.
[50


]
l2hSize :tex2html_wrap_inline5706:6.95831pt::6.95831pt::8.27783pt.
[51


]
l2hSize :tex2html_wrap_inline5712:8.0pt::8.0pt::20.50005pt.
[52


]
l2hSize :tex2html_wrap_inline5717:8.0pt::8.0pt::31.02089pt.
[53


]
l2hSize :tex2html_wrap_inline5719:8.0pt::8.0pt::31.02089pt.
[54


]
l2hSize :tex2html_wrap_indisplay5721:13.41586pt::13.41586pt::124.5116pt.
[55


]
l2hSize :tex2html_wrap_inline5723:8.0pt::8.0pt::44.94095pt.
[56


]
l2hSize :tex2html_wrap_inline5725:8.0pt::8.0pt::44.94095pt.
[57


]
l2hSize :tex2html_wrap_inline5727:6.95831pt::6.95831pt::23.72453pt.
[58


]
l2hSize :tex2html_wrap_inline5729:6.59525pt::0.0pt::3.94516pt.
[59


]
l2hSize :tex2html_wrap_inline5731:7.44444pt::7.44444pt::40.30264pt.
[60


]
l2hSize :tex2html_wrap_inline5733:8.0pt::8.0pt::24.16675pt.
[61


]
l2hSize :tex2html_wrap_inline5735:8.0pt::8.0pt::25.27785pt.
[62


]
File: interpolation_figs/sin.eps Graphic file (type eps)
<interpolation_figs/sin.eps>
l2hSize :figure2816:176.65999pt::0.0pt::349.0pt.
[63


]
File: interpolation_figs/cos.eps Graphic file (type eps)
<interpolation_figs/cos.eps>
l2hSize :figure2821:176.65999pt::0.0pt::349.0pt.
[64


]
Package atveryend Info: Empty hook `BeforeClearDocument' on input line 663.
Package atveryend Info: Empty hook `AfterLastShipout' on input line 663.
(./images.aux)
Package atveryend Info: Empty hook `AtVeryEndDocument' on input line 663.
Package atveryend Info: Executing hook `AtEndAfterFileList' on input line 663.

Package rerunfilecheck Warning: File `images.out' has changed.
(rerunfilecheck)                Rerun to get outlines right
(rerunfilecheck)                or use package `bookmark'.

Package rerunfilecheck Info: Checksums for `images.out':
(rerunfilecheck)             Before: <no file>
(rerunfilecheck)             After:  D41D8CD98F00B204E9800998ECF8427E;0.
Package atveryend Info: Empty hook `AtVeryVeryEnd' on input line 663.
 ) 
Here is how much of TeX's memory you used:
 5957 strings out of 494954
 87631 string characters out of 6181003
 182679 words of memory out of 5000000
 9133 multiletter control sequences out of 15000+600000
 6006 words of font info for 24 fonts, out of 8000000 for 9000
 14 hyphenation exceptions out of 8191
 32i,5n,24p,385b,639s stack positions out of 5000i,500n,10000p,200000b,80000s

Output written on images.dvi (64 pages, 47412 bytes).
